<?xml version="1.0" encoding="UTF-8"?>
<testsuite xmlns:xsi="http://www.w3.org/2001/XMLSchema-instance" xsi:noNamespaceSchemaLocation="https://maven.apache.org/surefire/maven-surefire-plugin/xsd/surefire-test-report-3.0.xsd" version="3.0" name="com.example.directedgraphbackend.DirectedGraphBackendApplicationTests" time="1.307" tests="1" errors="0" skipped="0" failures="0">
  <properties>
[...]
</properties>
  <testcase name="contextLoads" classname="com.example.directedgraphbackend.DirectedGraphBackendApplicationTests" time="0.007">
    <system-out><![CDATA[23:01:24.607 [main] DEBUG org.springframework.test.context.BootstrapUtils - Instantiating CacheAwareContextLoaderDelegate from class [org.springframework.test.context.cache.DefaultCacheAwareContextLoaderDelegate]
23:01:24.614 [main] DEBUG org.springframework.test.context.BootstrapUtils - Instantiating BootstrapContext using constructor [public org.springframework.test.context.support.DefaultBootstrapContext(java.lang.Class,org.springframework.test.context.CacheAwareContextLoaderDelegate)]
23:01:24.633 [main] DEBUG org.springframework.test.context.BootstrapUtils - Instantiating TestContextBootstrapper for test class [com.example.directedgraphbackend.DirectedGraphBackendApplicationTests] from class [org.springframework.boot.test.context.SpringBootTestContextBootstrapper]
23:01:24.639 [main] INFO org.springframework.boot.test.context.SpringBootTestContextBootstrapper - Neither @ContextConfiguration nor @ContextHierarchy found for test class [com.example.directedgraphbackend.DirectedGraphBackendApplicationTests], using SpringBootContextLoader
23:01:24.640 [main] DEBUG org.springframework.test.context.support.AbstractContextLoader - Did not detect default resource location for test class [com.example.directedgraphbackend.DirectedGraphBackendApplicationTests]: class path resource [com/example/directedgraphbackend/DirectedGraphBackendApplicationTests-context.xml] does not exist
23:01:24.640 [main] DEBUG org.springframework.test.context.support.AbstractContextLoader - Did not detect default resource location for test class [com.example.directedgraphbackend.DirectedGraphBackendApplicationTests]: class path resource [com/example/directedgraphbackend/DirectedGraphBackendApplicationTestsContext.groovy] does not exist
23:01:24.640 [main] INFO org.springframework.test.context.support.AbstractContextLoader - Could not detect default resource locations for test class [com.example.directedgraphbackend.DirectedGraphBackendApplicationTests]: no resource found for suffixes {-context.xml, Context.groovy}.
23:01:24.641 [main] INFO org.springframework.test.context.support.AnnotationConfigContextLoaderUtils - Could not detect default configuration classes for test class [com.example.directedgraphbackend.DirectedGraphBackendApplicationTests]: DirectedGraphBackendApplicationTests does not declare any static, non-private, non-final, nested classes annotated with @Configuration.
23:01:24.665 [main] DEBUG org.springframework.test.context.support.ActiveProfilesUtils - Could not find an 'annotation declaring class' for annotation type [org.springframework.test.context.ActiveProfiles] and class [com.example.directedgraphbackend.DirectedGraphBackendApplicationTests]
23:01:24.699 [main] DEBUG org.springframework.context.annotation.ClassPathScanningCandidateComponentProvider - Identified candidate component class: file [F:\JAVA\softEn\lab1\directed-graph-backend\target\classes\com\example\directedgraphbackend\DirectedGraphBackendApplication.class]
23:01:24.700 [main] INFO org.springframework.boot.test.context.SpringBootTestContextBootstrapper - Found @SpringBootConfiguration com.example.directedgraphbackend.DirectedGraphBackendApplication for test class com.example.directedgraphbackend.DirectedGraphBackendApplicationTests
23:01:24.748 [main] DEBUG org.springframework.boot.test.context.SpringBootTestContextBootstrapper - @TestExecutionListeners is not present for class [com.example.directedgraphbackend.DirectedGraphBackendApplicationTests]: using defaults.
23:01:24.748 [main] INFO org.springframework.boot.test.context.SpringBootTestContextBootstrapper - Loaded default TestExecutionListener class names from location [META-INF/spring.factories]: [org.springframework.boot.test.mock.mockito.MockitoTestExecutionListener, org.springframework.boot.test.mock.mockito.ResetMocksTestExecutionListener, org.springframework.boot.test.autoconfigure.restdocs.RestDocsTestExecutionListener, org.springframework.boot.test.autoconfigure.web.client.MockRestServiceServerResetTestExecutionListener, org.springframework.boot.test.autoconfigure.web.servlet.MockMvcPrintOnlyOnFailureTestExecutionListener, org.springframework.boot.test.autoconfigure.web.servlet.WebDriverTestExecutionListener, org.springframework.boot.test.autoconfigure.webservices.client.MockWebServiceServerTestExecutionListener, org.springframework.test.context.web.ServletTestExecutionListener, org.springframework.test.context.support.DirtiesContextBeforeModesTestExecutionListener, org.springframework.test.context.event.ApplicationEventsTestExecutionListener, org.springframework.test.context.support.DependencyInjectionTestExecutionListener, org.springframework.test.context.support.DirtiesContextTestExecutionListener, org.springframework.test.context.transaction.TransactionalTestExecutionListener, org.springframework.test.context.jdbc.SqlScriptsTestExecutionListener, org.springframework.test.context.event.EventPublishingTestExecutionListener]
23:01:24.755 [main] DEBUG org.springframework.boot.test.context.SpringBootTestContextBootstrapper - Skipping candidate TestExecutionListener [org.springframework.test.context.transaction.TransactionalTestExecutionListener] due to a missing dependency. Specify custom listener classes or make the default listener classes and their required dependencies available. Offending class: [org/springframework/transaction/interceptor/TransactionAttributeSource]
23:01:24.755 [main] DEBUG org.springframework.boot.test.context.SpringBootTestContextBootstrapper - Skipping candidate TestExecutionListener [org.springframework.test.context.jdbc.SqlScriptsTestExecutionListener] due to a missing dependency. Specify custom listener classes or make the default listener classes and their required dependencies available. Offending class: [org/springframework/transaction/interceptor/TransactionAttribute]
23:01:24.755 [main] INFO org.springframework.boot.test.context.SpringBootTestContextBootstrapper - Using TestExecutionListeners: [org.springframework.test.context.web.ServletTestExecutionListener@108531c2, org.springframework.test.context.support.DirtiesContextBeforeModesTestExecutionListener@48b22fd4, org.springframework.test.context.event.ApplicationEventsTestExecutionListener@6a9d5dff, org.springframework.boot.test.mock.mockito.MockitoTestExecutionListener@3b08f438, org.springframework.boot.test.autoconfigure.SpringBootDependencyInjectionTestExecutionListener@2bac9ba, org.springframework.test.context.support.DirtiesContextTestExecutionListener@5b2f8ab6, org.springframework.test.context.event.EventPublishingTestExecutionListener@5bdd5689, org.springframework.boot.test.mock.mockito.ResetMocksTestExecutionListener@2788d0fe, org.springframework.boot.test.autoconfigure.restdocs.RestDocsTestExecutionListener@73ab3aac, org.springframework.boot.test.autoconfigure.web.client.MockRestServiceServerResetTestExecutionListener@54f66455, org.springframework.boot.test.autoconfigure.web.servlet.MockMvcPrintOnlyOnFailureTestExecutionListener@65ae095c, org.springframework.boot.test.autoconfigure.web.servlet.WebDriverTestExecutionListener@4c03a37, org.springframework.boot.test.autoconfigure.webservices.client.MockWebServiceServerTestExecutionListener@2e140e59]
23:01:24.758 [main] DEBUG org.springframework.test.context.support.AbstractDirtiesContextTestExecutionListener - Before test class: context [DefaultTestContext@7573e12f testClass = DirectedGraphBackendApplicationTests, testInstance = [null], testMethod = [null], testException = [null], mergedContextConfiguration = [WebMergedContextConfiguration@51b1a8f6 testClass = DirectedGraphBackendApplicationTests, locations = '{}', classes = '{class com.example.directedgraphbackend.DirectedGraphBackendApplication}', contextInitializerClasses = '[]', activeProfiles = '{}', propertySourceLocations = '{}', propertySourceProperties = '{org.springframework.boot.test.context.SpringBootTestContextBootstrapper=true}', contextCustomizers = set[org.springframework.boot.test.context.filter.ExcludeFilterContextCustomizer@62d0ac62, org.springframework.boot.test.json.DuplicateJsonObjectContextCustomizerFactory$DuplicateJsonObjectContextCustomizer@3003697, org.springframework.boot.test.mock.mockito.MockitoContextCustomizer@0, org.springframework.boot.test.web.client.TestRestTemplateContextCustomizer@49298ce7, org.springframework.boot.test.autoconfigure.actuate.metrics.MetricsExportContextCustomizerFactory$DisableMetricExportContextCustomizer@194152cf, org.springframework.boot.test.autoconfigure.properties.PropertyMappingContextCustomizer@0, org.springframework.boot.test.autoconfigure.web.servlet.WebDriverContextCustomizerFactory$Customizer@15515c51, org.springframework.boot.test.context.SpringBootTestArgs@1, org.springframework.boot.test.context.SpringBootTestWebEnvironment@6328d34a], resourceBasePath = 'src/main/webapp', contextLoader = 'org.springframework.boot.test.context.SpringBootContextLoader', parent = [null]], attributes = map['org.springframework.test.context.web.ServletTestExecutionListener.activateListener' -> true]], class annotated with @DirtiesContext [false] with mode [null].

  .   ____          _            __ _ _
 /\\ / ___'_ __ _ _(_)_ __  __ _ \ \ \ \
( ( )\___ | '_ | '_| | '_ \/ _` | \ \ \ \
 \\/  ___)| |_)| | | | | || (_| |  ) ) ) )
  '  |____| .__|_| |_|_| |_\__, | / / / /
 =========|_|==============|___/=/_/_/_/
 :: Spring Boot ::               (v2.6.13)

2024-06-14 23:01:24.949  INFO 25184 --- [           main] e.d.DirectedGraphBackendApplicationTests : Starting DirectedGraphBackendApplicationTests using Java 17.0.4.1 on YUANANANANAN with PID 25184 (started by yuan in F:\JAVA\softEn\lab1\directed-graph-backend)
2024-06-14 23:01:24.950  INFO 25184 --- [           main] e.d.DirectedGraphBackendApplicationTests : No active profile set, falling back to 1 default profile: "default"
2024-06-14 23:01:25.730  INFO 25184 --- [           main] o.s.b.a.w.s.WelcomePageHandlerMapping    : Adding welcome page: class path resource [static/index.html]
2024-06-14 23:01:25.857  INFO 25184 --- [           main] e.d.DirectedGraphBackendApplicationTests : Started DirectedGraphBackendApplicationTests in 1.08 seconds (JVM running for 2.06)
]]></system-out>
  </testcase>
</testsuite>